[15:02:00] [ServerMain/INFO]: Environment: authHost='https://authserver.mojang.com', accountsHost='https://api.mojang.com', sessionHost='https://sessionserver.mojang.com', servicesHost='https://api.minecraftservices.com', name='PROD'
[15:02:00] [ServerMain/INFO]: Found new data pack file/bukkit, loading it automatically
[15:02:01] [ServerMain/INFO]: Loaded 7 recipes
[15:02:02] [Server thread/INFO]: Starting minecraft server version 1.20.1
[15:02:02] [Server thread/INFO]: Loading properties
[15:02:02] [Server thread/INFO]: This server is running Paper version git-Paper-183 (MC: 1.20.1) (Implementing API version 1.20.1-R0.1-SNAPSHOT) (Git: eb60bff)
[15:02:02] [Server thread/INFO]: Server Ping Player Sample Count: 12
[15:02:02] [Server thread/INFO]: Using 4 threads for Netty based IO
[15:02:02] [Server thread/INFO]: [ChunkTaskScheduler] Chunk system is using 1 I/O threads, 1 worker threads, and gen parallelism of 1 threads
[15:02:02] [Server thread/WARN]: [!] The timings profiler has been enabled but has been scheduled for removal from Paper in the future.
    We recommend installing the spark profiler as a replacement: https://spark.lucko.me/
    For more information please visit: https://github.com/PaperMC/Paper/issues/8948
[15:02:02] [Server thread/INFO]: Default game type: SURVIVAL
[15:02:02] [Server thread/INFO]: Generating keypair
[15:02:02] [Server thread/INFO]: Starting Minecraft server on 0.0.0.0:25569
[15:02:02] [Server thread/INFO]: Using epoll channel type
[15:02:02] [Server thread/INFO]: Paper: Using libdeflate (Linux x86_64) compression from Velocity.
[15:02:02] [Server thread/INFO]: Paper: Using OpenSSL 3.0.x (Linux x86_64) cipher from Velocity.
[15:02:02] [Server thread/INFO]: Preparing level "world"
[15:02:11] [Server thread/INFO]: Preparing start region for dimension minecraft:overworld
[15:02:11] [Server thread/INFO]: Time elapsed: 140 ms
[15:02:11] [Server thread/INFO]: Preparing start region for dimension minecraft:the_nether
[15:02:11] [Server thread/INFO]: Time elapsed: 216 ms
[15:02:11] [Server thread/INFO]: Preparing start region for dimension minecraft:the_end
[15:02:12] [Server thread/INFO]: Time elapsed: 82 ms
[15:02:12] [Server thread/INFO]: Running delayed init tasks
[15:02:12] [Server thread/INFO]: Done (9.863s)! For help, type "help"
[15:02:12] [Server thread/INFO]: Timings Reset
[15:02:27] [Server thread/INFO]: Stopping the server
[15:02:27] [Server thread/INFO]: Stopping server
[15:02:27] [Server thread/INFO]: Saving players
[15:02:27] [Server thread/INFO]: Saving worlds
[15:02:27] [Server thread/INFO]: Saving chunks for level 'ServerLevel[world]'/minecraft:overworld
[15:02:27] [Server thread/INFO]: [ChunkHolderManager] Waiting 60s for chunk system to halt for world 'world'
[15:02:27] [Server thread/INFO]: [ChunkHolderManager] Halted chunk system for world 'world'
[15:02:27] [Server thread/INFO]: [ChunkHolderManager] Saving all chunkholders for world 'world'
[15:02:28] [Server thread/INFO]: [ChunkHolderManager] Saved 1622 block chunks, 1 entity chunks, 0 poi chunks in world 'world' in 1.14s
[15:02:28] [Server thread/INFO]: ThreadedAnvilChunkStorage (world): All chunks are saved
[15:02:28] [Server thread/INFO]: Saving chunks for level 'ServerLevel[world_nether]'/minecraft:the_nether
[15:02:28] [Server thread/INFO]: [ChunkHolderManager] Waiting 60s for chunk system to halt for world 'world_nether'
[15:02:28] [Server thread/INFO]: [ChunkHolderManager] Halted chunk system for world 'world_nether'
[15:02:28] [Server thread/INFO]: [ChunkHolderManager] Saving all chunkholders for world 'world_nether'
[15:02:29] [Server thread/INFO]: [ChunkHolderManager] Saved 1681 block chunks, 1 entity chunks, 0 poi chunks in world 'world_nether' in 0.50s
[15:02:29] [Server thread/INFO]: ThreadedAnvilChunkStorage (DIM-1): All chunks are saved
[15:02:29] [Server thread/INFO]: Saving chunks for level 'ServerLevel[world_the_end]'/minecraft:the_end
[15:02:29] [Server thread/INFO]: [ChunkHolderManager] Waiting 60s for chunk system to halt for world 'world_the_end'
[15:02:29] [Server thread/INFO]: [ChunkHolderManager] Halted chunk system for world 'world_the_end'
[15:02:29] [Server thread/INFO]: [ChunkHolderManager] Saving all chunkholders for world 'world_the_end'
[15:02:29] [Server thread/INFO]: [ChunkHolderManager] Saved 2025 block chunks, 529 entity chunks, 0 poi chunks in world 'world_the_end' in 0.36s
[15:02:29] [Server thread/INFO]: ThreadedAnvilChunkStorage (DIM1): All chunks are saved
[15:02:29] [Server thread/INFO]: ThreadedAnvilChunkStorage: All dimensions are saved
[15:02:29] [Server thread/INFO]: Flushing Chunk IO
[15:02:29] [Server thread/INFO]: Closing Thread Pool
[15:02:29] [Server thread/INFO]: Closing Server
